<?xml version="1.0" encoding="UTF-8"?>
<testng-results ignored="0" total="1" passed="1" failed="0" skipped="0">
  <reporter-output>
  </reporter-output>
  <suite started-at="2024-02-21T12:39:34 IST" name="Surefire suite" finished-at="2024-02-21T12:39:46 IST" duration-ms="12734">
    <groups>
      <group name="cucumber">
        <method signature="AbstractTestNGCucumberTests.runScenario(io.cucumber.testng.PickleWrapper,io.cucumber.testng.FeatureWrapper)[pri:0, instance:runner_files.runner_file_form@add0edd]" name="runScenario" class="io.cucumber.testng.AbstractTestNGCucumberTests"/>
      </group> <!-- cucumber -->
    </groups>
    <test started-at="2024-02-21T12:39:34 IST" name="Surefire test" finished-at="2024-02-21T12:39:46 IST" duration-ms="12734">
      <class name="runner_files.runner_file_form">
        <test-method is-config="true" signature="setUpClass(org.testng.ITestContext)[pri:0, instance:runner_files.runner_file_form@add0edd]" started-at="2024-02-21T12:39:34 IST" name="setUpClass" finished-at="2024-02-21T12:39:34 IST" duration-ms="256" status="PASS">
          <params>
            <param index="0">
              <value>
                <![CDATA[org.testng.TestRunner@5327a06e]]>
              </value>
            </param>
          </params>
          <reporter-output>
          </reporter-output>
        </test-method> <!-- setUpClass -->
        <test-method signature="runScenario(io.cucumber.testng.PickleWrapper,io.cucumber.testng.FeatureWrapper)[pri:0, instance:runner_files.runner_file_form@add0edd]" started-at="2024-02-21T12:39:34 IST" name="runScenario" description="Runs Cucumber Scenarios" data-provider="scenarios" finished-at="2024-02-21T12:39:46 IST" duration-ms="12416" status="PASS">
          <params>
            <param index="0">
              <value>
                <![CDATA["To verify a simple form"]]>
              </value>
            </param>
            <param index="1">
              <value>
                <![CDATA["Optional[Training form]"]]>
              </value>
            </param>
          </params>
          <reporter-output>
          </reporter-output>
        </test-method> <!-- runScenario -->
        <test-method is-config="true" signature="tearDownClass()[pri:0, instance:runner_files.runner_file_form@add0edd]" started-at="2024-02-21T12:39:46 IST" name="tearDownClass" finished-at="2024-02-21T12:39:46 IST" duration-ms="26" status="PASS">
          <reporter-output>
          </reporter-output>
        </test-method> <!-- tearDownClass -->
      </class> <!-- runner_files.runner_file_form -->
    </test> <!-- Surefire test -->
  </suite> <!-- Surefire suite -->
</testng-results>
